[debug] [2021-04-03T08:45:55.937Z] ----------------------------------------------------------------------
[debug] [2021-04-03T08:45:55.939Z] Command:       C:\Program Files\nodejs\node.exe C:\Users\VITAS\AppData\Roaming\npm\node_modules\firebase-tools\lib\bin\firebase.js deploy --only hosting
[debug] [2021-04-03T08:45:55.939Z] CLI Version:   9.8.0
[debug] [2021-04-03T08:45:55.939Z] Platform:      win32
[debug] [2021-04-03T08:45:55.939Z] Node Version:  v14.16.0
[debug] [2021-04-03T08:45:55.940Z] Time:          Sat Apr 03 2021 15:45:55 GMT+0700 (เวลาอินโดจีน)
[debug] [2021-04-03T08:45:55.940Z] ----------------------------------------------------------------------
[debug] 
[debug] [2021-04-03T08:45:55.947Z] > command requires scopes: ["email","openid","https://www.googleapis.com/auth/cloudplatformprojects.readonly","https://www.googleapis.com/auth/firebase","https://www.googleapis.com/auth/cloud-platform"]
[debug] [2021-04-03T08:45:55.947Z] > authorizing via signed-in user
[debug] [2021-04-03T08:45:55.947Z] [iam] checking project bhms-5e304 for permissions ["firebase.projects.get","firebasehosting.sites.update"]
[debug] [2021-04-03T08:45:55.950Z] > refreshing access token with scopes: ["email","https://www.googleapis.com/auth/cloud-platform","https://www.googleapis.com/auth/cloudplatformprojects.readonly","https://www.googleapis.com/auth/firebase","openid"]
[debug] [2021-04-03T08:45:55.951Z] >>> HTTP REQUEST POST https://www.googleapis.com/oauth2/v3/token  
 <request body omitted>
[debug] [2021-04-03T08:45:56.077Z] <<< HTTP RESPONSE 200 {"cache-control":"no-cache, no-store, max-age=0, must-revalidate","date":"Sat, 03 Apr 2021 08:45:54 GMT","pragma":"no-cache","expires":"Mon, 01 Jan 1990 00:00:00 GMT","content-type":"application/json; charset=utf-8","vary":"X-Origin, Referer, Origin,Accept-Encoding","server":"scaffolding on HTTPServer2","x-xss-protection":"0","x-frame-options":"SAMEORIGIN","x-content-type-options":"nosniff","alt-svc":"h3-29=\":443\"; ma=2592000,h3-T051=\":443\"; ma=2592000,h3-Q050=\":443\"; ma=2592000,h3-Q046=\":443\"; ma=2592000,h3-Q043=\":443\"; ma=2592000,quic=\":443\"; ma=2592000; v=\"46,43\"","accept-ranges":"none","transfer-encoding":"chunked"}
[debug] [2021-04-03T08:45:56.086Z] >>> HTTP REQUEST POST https://cloudresourcemanager.googleapis.com/v1/projects/bhms-5e304:testIamPermissions  
 {"permissions":["firebase.projects.get","firebasehosting.sites.update"]}
[debug] [2021-04-03T08:45:57.239Z] <<< HTTP RESPONSE 200 {"content-type":"application/json; charset=UTF-8","vary":"X-Origin, Referer, Origin,Accept-Encoding","date":"Sat, 03 Apr 2021 08:45:55 GMT","server":"ESF","cache-control":"private","x-xss-protection":"0","x-frame-options":"SAMEORIGIN","x-content-type-options":"nosniff","server-timing":"gfet4t7; dur=1045","alt-svc":"h3-29=\":443\"; ma=2592000,h3-T051=\":443\"; ma=2592000,h3-Q050=\":443\"; ma=2592000,h3-Q046=\":443\"; ma=2592000,h3-Q043=\":443\"; ma=2592000,quic=\":443\"; ma=2592000; v=\"46,43\"","accept-ranges":"none","transfer-encoding":"chunked"}
[debug] [2021-04-03T08:45:57.241Z] > refreshing access token with scopes: []
[debug] [2021-04-03T08:45:57.241Z] >>> HTTP REQUEST POST https://www.googleapis.com/oauth2/v3/token  
 <request body omitted>
[debug] [2021-04-03T08:45:57.399Z] <<< HTTP RESPONSE 200 {"expires":"Mon, 01 Jan 1990 00:00:00 GMT","date":"Sat, 03 Apr 2021 08:45:56 GMT","cache-control":"no-cache, no-store, max-age=0, must-revalidate","pragma":"no-cache","content-type":"application/json; charset=utf-8","vary":"X-Origin, Referer, Origin,Accept-Encoding","server":"scaffolding on HTTPServer2","x-xss-protection":"0","x-frame-options":"SAMEORIGIN","x-content-type-options":"nosniff","alt-svc":"h3-29=\":443\"; ma=2592000,h3-T051=\":443\"; ma=2592000,h3-Q050=\":443\"; ma=2592000,h3-Q046=\":443\"; ma=2592000,h3-Q043=\":443\"; ma=2592000,quic=\":443\"; ma=2592000; v=\"46,43\"","accept-ranges":"none","transfer-encoding":"chunked"}
[debug] [2021-04-03T08:45:57.408Z] >>> [apiv2][query] GET https://firebase.googleapis.com/v1beta1/projects/bhms-5e304 [none]
[debug] [2021-04-03T08:45:57.669Z] <<< [apiv2][status] GET https://firebase.googleapis.com/v1beta1/projects/bhms-5e304 200
[debug] [2021-04-03T08:45:57.669Z] <<< [apiv2][body] GET https://firebase.googleapis.com/v1beta1/projects/bhms-5e304 {"projectId":"bhms-5e304","projectNumber":"457829213069","displayName":"bhms","name":"projects/bhms-5e304","resources":{"hostingSite":"bhms-5e304","storageBucket":"bhms-5e304.appspot.com","locationId":"asia-south1"},"state":"ACTIVE"}
[info] 
[info] === Deploying to 'bhms-5e304'...
[info] 
[info] i  deploying hosting 
[debug] [2021-04-03T08:45:57.672Z] > refreshing access token with scopes: ["email","https://www.googleapis.com/auth/cloud-platform","https://www.googleapis.com/auth/cloudplatformprojects.readonly","https://www.googleapis.com/auth/firebase","openid"]
[debug] [2021-04-03T08:45:57.672Z] >>> HTTP REQUEST POST https://www.googleapis.com/oauth2/v3/token  
 <request body omitted>
[debug] [2021-04-03T08:45:57.834Z] <<< HTTP RESPONSE 200 {"expires":"Mon, 01 Jan 1990 00:00:00 GMT","cache-control":"no-cache, no-store, max-age=0, must-revalidate","date":"Sat, 03 Apr 2021 08:45:56 GMT","pragma":"no-cache","content-type":"application/json; charset=utf-8","vary":"X-Origin, Referer, Origin,Accept-Encoding","server":"scaffolding on HTTPServer2","x-xss-protection":"0","x-frame-options":"SAMEORIGIN","x-content-type-options":"nosniff","alt-svc":"h3-29=\":443\"; ma=2592000,h3-T051=\":443\"; ma=2592000,h3-Q050=\":443\"; ma=2592000,h3-Q046=\":443\"; ma=2592000,h3-Q043=\":443\"; ma=2592000,quic=\":443\"; ma=2592000; v=\"46,43\"","accept-ranges":"none","transfer-encoding":"chunked"}
[debug] [2021-04-03T08:45:57.837Z] >>> HTTP REQUEST POST https://firebasehosting.googleapis.com/v1beta1/sites/bhms-5e304/versions  
 {"config":{},"labels":{"deployment-tool":"cli-firebase"}}
